RXSDK/RXSDK-Android/push/rxsdk_push_vivo/build/intermediates/manifest_merge_blame_file/debug/manifest-merger-blame-debug-report.txt
1<?xml version="1.0" encoding="utf-8"?>
2<manifest xmlns:android="http://schemas.android.com/apk/res/android"
3    package="com.ruixue.push.vivo" >
4
5    <uses-sdk android:minSdkVersion="21" />
5-->src/main/AndroidManifest.xml
6
7    <uses-permission android:name="android.permission.INTERNET" />
7-->src/main/AndroidManifest.xml:5:5-67
7-->src/main/AndroidManifest.xml:5:22-64
8
9    <application>
9-->src/main/AndroidManifest.xml:7:5-34:19
10        <meta-data
10-->src/main/AndroidManifest.xml:8:9-10:69
11            android:name="RX_PUSH_VIVO"
11-->src/main/AndroidManifest.xml:9:13-40
12            android:value="com.ruixue.push.vivo.VivoPushProvider" />
12-->src/main/AndroidManifest.xml:10:13-66
13        <meta-data
13-->src/main/AndroidManifest.xml:12:9-14:47
14            android:name="com.vivo.push.api_key"
14-->src/main/AndroidManifest.xml:13:13-49
15            android:value="${VIVO_API_KEY}" />
15-->src/main/AndroidManifest.xml:14:13-44
16        <meta-data
16-->src/main/AndroidManifest.xml:15:9-17:46
17            android:name="com.vivo.push.app_id"
17-->src/main/AndroidManifest.xml:16:13-48
18            android:value="${VIVO_APP_ID}" />
18-->src/main/AndroidManifest.xml:17:13-43
19
20        <!-- push应用定义消息receiver声明 -->
21        <receiver
21-->src/main/AndroidManifest.xml:20:9-27:20
22            android:name="com.ruixue.push.vivo.VivoPushReceiver"
22-->src/main/AndroidManifest.xml:21:13-44
23            android:exported="true" >
23-->src/main/AndroidManifest.xml:22:13-36
24            <intent-filter>
24-->src/main/AndroidManifest.xml:23:13-26:29
25
26                <!-- 接收push消息 -->
27                <action android:name="com.vivo.pushclient.action.RECEIVE" />
27-->src/main/AndroidManifest.xml:25:17-77
27-->src/main/AndroidManifest.xml:25:25-74
28            </intent-filter>
29        </receiver>
30
31        <service
31-->src/main/AndroidManifest.xml:28:9-31:71
32            android:name="com.vivo.push.sdk.service.CommandClientService"
32-->src/main/AndroidManifest.xml:29:13-74
33            android:exported="true"
33-->src/main/AndroidManifest.xml:30:13-36
34            android:permission="com.push.permission.UPSTAGESERVICE" />
34-->src/main/AndroidManifest.xml:31:13-68
35    </application>
36
37</manifest>